<?xml version="1.1" encoding="UTF-8" standalone="no"?>
<databaseChangeLog xmlns:xsi="http://www.w3.org/2001/XMLSchema-instance"
                   xmlns="http://www.liquibase.org/xml/ns/dbchangelog"
                   xsi:schemaLocation="http://www.liquibase.org/xml/ns/dbchangelog https://www.liquibase.org/xml/ns/dbchangelog/dbchangelog-4.4.xsd">
    <changeSet author="straumat" id="test-data-assets">

        <!-- ======================================================================================================= -->
        <!-- activeRoylloCoin - Assets used to test several proofs -->
        <insert tableName="ASSET_GROUP">
            <column name="ID" value="10000"/>
            <column name="FK_USER_CREATOR" value="2"/>

            <column name="RAW_GROUP_KEY" value="RAW_GROUP_KEY_10000"/>
            <column name="TWEAKED_GROUP_KEY" value="TWEAKED_GROUP_KEY_10000"/>
            <column name="ASSET_WITNESS" value="ASSET_WITNESS_10000"/>
        </insert>

        <insert tableName="ASSET">
            <column name="ID" value="10000"/>
            <column name="FK_USER_CREATOR" value="2"/>
            <column name="FK_ASSET_GROUP" value="10000"/>

            <column name="ASSET_ID" value="1781a8879353ab2f8bb70dcf96f5b0ff620a987cf1044b924d6e3c382e1e5413"/>
            <column name="FK_BITCOIN_TRANSACTION_OUTPUT_GENESIS_POINT" value="2"/>
            <column name="META_DATA_HASH" value="5573656420627920526f796c6c6f"/>
            <column name="NAME" value="activeRoylloCoin"/>
            <column name="OUTPUT_INDEX" value="1"/>
            <column name="VERSION" value="0"/>

            <column name="ASSET_TYPE" value="NORMAL"/>
            <column name="AMOUNT" value="1003"/>
        </insert>

        <insert tableName="ASSET_STATE">
            <column name="ID" value="10000"/>
            <column name="FK_USER_CREATOR" value="2"/>
            <column name="FK_ASSET" value="10000"/>

            <column name="ANCHOR_BLOCK_HASH" value="000000000000002366fc3e4cc4074a94529e09858b6585004a0056e47e08c0c9"/>
            <column name="FK_BITCOIN_TRANSACTION_OUTPUT_ANCHOR_OUTPOINT"
                    value="2"/>
            <column name="ANCHOR_TX"
                    value="0200000000010139481e35ca088d991a4e6d7296b22c650545f0bbfe0850d3ae48a214318f84db0100000000ffffffff026f02000000000000160014b3cb6391af7e94b41475cb925e1eafed57c318cae803000000000000225120541c599eae0b80c2c7c5c7a17b75b147a0fe20663277bbbd49247e87b9b1c1370247304402204afb9a04135bc36e9062e8e0cafad11a58fc2e13f6dcf01447938faced44b53e02202492dc504f6b5577d4add1ea550fad8f7357f7c7215a7d5ec21e14269f270a5e0121027ebfbaf2f6612b4819b188f3b80386d5ddf3d4c55c5f4af8c688d97b8984b0d600000000"/>
            <column name="INTERNAL_KEY" value="03bea9941963648cfaaa2981d68ebf209e20b3e68287d94371805832e962401429"/>
            <column name="MERKLE_ROOT" value="MERKLE_ROOT_0"/>
            <column name="TAPSCRIPT_SIBLING" value="TAPSCRIPT_SIBLING_0"/>

            <column name="SCRIPT_VERSION" value="0"/>
            <column name="SCRIPT_KEY" value="024e9d77ff1df871af183419a6cfd308235f512717f13da57dbf045a4a8c2ca5cc"/>
        </insert>

        <!-- ======================================================================================================= -->
        <!-- Assets used to test pagination search -->
        <insert tableName="ASSET_GROUP">
            <column name="ID" value="1001"/>
            <column name="FK_USER_CREATOR" value="2"/>

            <column name="ASSET_GROUP_ID" value="RAW_GROUP_KEY_1001"/>
            <column name="RAW_GROUP_KEY" value="RAW_GROUP_KEY_1001"/>
            <column name="TWEAKED_GROUP_KEY" value="RAW_GROUP_KEY_1001"/>
            <column name="ASSET_WITNESS" value="RAW_GROUP_KEY_1001"/>
        </insert>
        <insert tableName="ASSET">
            <column name="ID" value="1001"/>
            <column name="FK_USER_CREATOR" value="2"/>
            <column name="FK_ASSET_GROUP" value="1001"/>

            <column name="ASSET_ID" value="asset_id_1"/>
            <column name="ASSET_ID_ALIAS" value="asset_id_1"/>
            <column name="FK_BITCOIN_TRANSACTION_OUTPUT_GENESIS_POINT" value="2"/>
            <column name="META_DATA_HASH" value="meta_data_1"/>
            <column name="NAME" value="TestPaginationCoin1"/>
            <column name="OUTPUT_INDEX" value="0"/>
            <column name="VERSION" value="0"/>

            <column name="ASSET_TYPE" value="NORMAL"/>
            <column name="AMOUNT" value="1001"/>
        </insert>
        <insert tableName="ASSET_STATE">
            <column name="ID" value="1001"/>
            <column name="FK_USER_CREATOR" value="2"/>
            <column name="FK_ASSET" value="1001"/>

            <column name="ASSET_STATE_ID" value="ASSET_STATE_ID_1"/>
            <column name="ANCHOR_BLOCK_HASH" value="Anchor block hash 1"/>
            <column name="FK_BITCOIN_TRANSACTION_OUTPUT_ANCHOR_OUTPOINT" value="2"/>
            <column name="ANCHOR_TX" value="Anchor tx 1"/>
            <column name="INTERNAL_KEY" value="Anchor internal key 1"/>
            <column name="MERKLE_ROOT" value="MERKLE_ROOT_1"/>
            <column name="TAPSCRIPT_SIBLING" value="TAPSCRIPT_SIBLING_1"/>

            <column name="SCRIPT_VERSION" value="2"/>
            <column name="SCRIPT_KEY" value="Script key 1"/>
        </insert>

        <insert tableName="ASSET_GROUP">
            <column name="ID" value="1002"/>
            <column name="FK_USER_CREATOR" value="2"/>

            <column name="ASSET_GROUP_ID" value="RAW_GROUP_KEY_1002"/>
            <column name="RAW_GROUP_KEY" value="RAW_GROUP_KEY_1002"/>
            <column name="TWEAKED_GROUP_KEY" value="RAW_GROUP_KEY_1002"/>
            <column name="ASSET_WITNESS" value="RAW_GROUP_KEY_1002"/>
        </insert>
        <insert tableName="ASSET">
            <column name="ID" value="1002"/>
            <column name="FK_USER_CREATOR" value="2"/>
            <column name="FK_ASSET_GROUP" value="1002"/>

            <column name="ASSET_ID" value="asset_id_2"/>
            <column name="ASSET_ID_ALIAS" value="asset_id_2"/>
            <column name="FK_BITCOIN_TRANSACTION_OUTPUT_GENESIS_POINT" value="2"/>
            <column name="META_DATA_HASH" value="meta_data_2"/>
            <column name="NAME" value="TestPaginationCoin2"/>
            <column name="OUTPUT_INDEX" value="0"/>
            <column name="VERSION" value="0"/>

            <column name="ASSET_TYPE" value="NORMAL"/>
            <column name="AMOUNT" value="1002"/>
        </insert>
        <insert tableName="ASSET_STATE">
            <column name="ID" value="1002"/>
            <column name="FK_USER_CREATOR" value="2"/>
            <column name="FK_ASSET" value="1002"/>

            <column name="ASSET_STATE_ID" value="ASSET_STATE_ID_2"/>
            <column name="ANCHOR_BLOCK_HASH" value="Anchor block hash 2"/>
            <column name="FK_BITCOIN_TRANSACTION_OUTPUT_ANCHOR_OUTPOINT" value="2"/>
            <column name="ANCHOR_TX" value="Anchor tx 2"/>
            <column name="INTERNAL_KEY" value="Anchor internal key 2"/>
            <column name="MERKLE_ROOT" value="MERKLE_ROOT_2"/>
            <column name="TAPSCRIPT_SIBLING" value="TAPSCRIPT_SIBLING_2"/>

            <column name="SCRIPT_VERSION" value="2"/>
            <column name="SCRIPT_KEY" value="Script key 2"/>
        </insert>

        <insert tableName="ASSET_GROUP">
            <column name="ID" value="1003"/>
            <column name="FK_USER_CREATOR" value="2"/>

            <column name="ASSET_GROUP_ID" value="RAW_GROUP_KEY_1003"/>
            <column name="RAW_GROUP_KEY" value="RAW_GROUP_KEY_1003"/>
            <column name="TWEAKED_GROUP_KEY" value="RAW_GROUP_KEY_1003"/>
            <column name="ASSET_WITNESS" value="RAW_GROUP_KEY_1003"/>
        </insert>
        <insert tableName="ASSET">
            <column name="ID" value="1003"/>
            <column name="FK_USER_CREATOR" value="2"/>
            <column name="FK_ASSET_GROUP" value="1003"/>

            <column name="ASSET_ID" value="asset_id_3"/>
            <column name="ASSET_ID_ALIAS" value="asset_id_3"/>
            <column name="FK_BITCOIN_TRANSACTION_OUTPUT_GENESIS_POINT" value="3"/>
            <column name="META_DATA_HASH" value="meta_data_13"/>
            <column name="NAME" value="TestPaginationCoin3"/>
            <column name="OUTPUT_INDEX" value="0"/>
            <column name="VERSION" value="0"/>

            <column name="ASSET_TYPE" value="NORMAL"/>
            <column name="AMOUNT" value="1003"/>
        </insert>
        <insert tableName="ASSET_STATE">
            <column name="ID" value="1003"/>
            <column name="FK_USER_CREATOR" value="2"/>
            <column name="FK_ASSET" value="1003"/>

            <column name="ASSET_STATE_ID" value="ASSET_STATE_ID_3"/>
            <column name="ANCHOR_BLOCK_HASH" value="Anchor block hash 3"/>
            <column name="FK_BITCOIN_TRANSACTION_OUTPUT_ANCHOR_OUTPOINT" value="2"/>
            <column name="ANCHOR_TX" value="Anchor tx 3"/>
            <column name="INTERNAL_KEY" value="Anchor internal key 3"/>
            <column name="MERKLE_ROOT" value="MERKLE_ROOT_3"/>
            <column name="TAPSCRIPT_SIBLING" value="TAPSCRIPT_SIBLING_3"/>

            <column name="SCRIPT_VERSION" value="2"/>
            <column name="SCRIPT_KEY" value="Script key 3"/>
        </insert>

        <insert tableName="ASSET_GROUP">
            <column name="ID" value="1004"/>
            <column name="FK_USER_CREATOR" value="2"/>

            <column name="ASSET_GROUP_ID" value="RAW_GROUP_KEY_1004"/>
            <column name="RAW_GROUP_KEY" value="RAW_GROUP_KEY_1004"/>
            <column name="TWEAKED_GROUP_KEY" value="RAW_GROUP_KEY_1004"/>
            <column name="ASSET_WITNESS" value="RAW_GROUP_KEY_1004"/>
        </insert>
        <insert tableName="ASSET">
            <column name="ID" value="1004"/>
            <column name="FK_USER_CREATOR" value="2"/>
            <column name="FK_ASSET_GROUP" value="1004"/>

            <column name="ASSET_ID" value="asset_id_4"/>
            <column name="ASSET_ID_ALIAS" value="asset_id_4"/>
            <column name="FK_BITCOIN_TRANSACTION_OUTPUT_GENESIS_POINT" value="2"/>
            <column name="META_DATA_HASH" value="meta_data_4"/>
            <column name="NAME" value="TestPaginationCoin4"/>
            <column name="OUTPUT_INDEX" value="4"/>
            <column name="VERSION" value="0"/>

            <column name="ASSET_TYPE" value="NORMAL"/>
            <column name="AMOUNT" value="1004"/>
        </insert>
        <insert tableName="ASSET_STATE">
            <column name="ID" value="1004"/>
            <column name="FK_USER_CREATOR" value="2"/>
            <column name="FK_ASSET" value="1004"/>

            <column name="ASSET_STATE_ID" value="ASSET_STATE_ID_4"/>
            <column name="ANCHOR_BLOCK_HASH" value="Anchor block hash 4"/>
            <column name="FK_BITCOIN_TRANSACTION_OUTPUT_ANCHOR_OUTPOINT" value="2"/>
            <column name="ANCHOR_TX" value="Anchor tx 4"/>
            <column name="INTERNAL_KEY" value="Anchor internal key 4"/>
            <column name="MERKLE_ROOT" value="MERKLE_ROOT_4"/>
            <column name="TAPSCRIPT_SIBLING" value="TAPSCRIPT_SIBLING_4"/>

            <column name="SCRIPT_VERSION" value="2"/>
            <column name="SCRIPT_KEY" value="Script key 4"/>
        </insert>

        <insert tableName="ASSET_GROUP">
            <column name="ID" value="1005"/>
            <column name="FK_USER_CREATOR" value="2"/>

            <column name="ASSET_GROUP_ID" value="RAW_GROUP_KEY_1005"/>
            <column name="RAW_GROUP_KEY" value="RAW_GROUP_KEY_1005"/>
            <column name="TWEAKED_GROUP_KEY" value="RAW_GROUP_KEY_1005"/>
            <column name="ASSET_WITNESS" value="RAW_GROUP_KEY_1005"/>
        </insert>
        <insert tableName="ASSET">
            <column name="ID" value="1005"/>
            <column name="FK_USER_CREATOR" value="2"/>
            <column name="FK_ASSET_GROUP" value="1005"/>

            <column name="ASSET_ID" value="asset_id_5"/>
            <column name="ASSET_ID_ALIAS" value="asset_id_5"/>
            <column name="FK_BITCOIN_TRANSACTION_OUTPUT_GENESIS_POINT" value="2"/>
            <column name="META_DATA_HASH" value="meta_data_5"/>
            <column name="NAME" value="TestPaginationCoin5"/>
            <column name="OUTPUT_INDEX" value="5"/>
            <column name="VERSION" value="0"/>

            <column name="ASSET_TYPE" value="NORMAL"/>
            <column name="AMOUNT" value="1005"/>
        </insert>
        <insert tableName="ASSET_STATE">
            <column name="ID" value="1005"/>
            <column name="FK_USER_CREATOR" value="2"/>
            <column name="FK_ASSET" value="1005"/>

            <column name="ASSET_STATE_ID" value="ASSET_STATE_ID_5"/>
            <column name="ANCHOR_BLOCK_HASH" value="Anchor block hash 5"/>
            <column name="FK_BITCOIN_TRANSACTION_OUTPUT_ANCHOR_OUTPOINT" value="2"/>
            <column name="ANCHOR_TX" value="Anchor tx 5"/>
            <column name="INTERNAL_KEY" value="Anchor internal key 5"/>
            <column name="MERKLE_ROOT" value="MERKLE_ROOT_5"/>
            <column name="TAPSCRIPT_SIBLING" value="TAPSCRIPT_SIBLING_5"/>

            <column name="SCRIPT_VERSION" value="2"/>
            <column name="SCRIPT_KEY" value="Script key 5"/>
        </insert>

        <insert tableName="ASSET_GROUP">
            <column name="ID" value="1006"/>
            <column name="FK_USER_CREATOR" value="2"/>

            <column name="ASSET_GROUP_ID" value="RAW_GROUP_KEY_1006"/>
            <column name="RAW_GROUP_KEY" value="RAW_GROUP_KEY_1006"/>
            <column name="TWEAKED_GROUP_KEY" value="RAW_GROUP_KEY_1006"/>
            <column name="ASSET_WITNESS" value="RAW_GROUP_KEY_1006"/>
        </insert>
        <insert tableName="ASSET">
            <column name="ID" value="1006"/>
            <column name="FK_USER_CREATOR" value="2"/>
            <column name="FK_ASSET_GROUP" value="1006"/>

            <column name="ASSET_ID" value="asset_id_6"/>
            <column name="ASSET_ID_ALIAS" value="asset_id_6"/>
            <column name="FK_BITCOIN_TRANSACTION_OUTPUT_GENESIS_POINT" value="2"/>
            <column name="META_DATA_HASH" value="meta_data_6"/>
            <column name="NAME" value="TestPaginationCoin6"/>
            <column name="OUTPUT_INDEX" value="6"/>
            <column name="VERSION" value="0"/>

            <column name="ASSET_TYPE" value="NORMAL"/>
            <column name="AMOUNT" value="1006"/>
        </insert>
        <insert tableName="ASSET_STATE">
            <column name="ID" value="1006"/>
            <column name="FK_USER_CREATOR" value="2"/>
            <column name="FK_ASSET" value="1006"/>

            <column name="ASSET_STATE_ID" value="ASSET_STATE_ID_6"/>
            <column name="ANCHOR_BLOCK_HASH" value="Anchor block hash 6"/>
            <column name="FK_BITCOIN_TRANSACTION_OUTPUT_ANCHOR_OUTPOINT" value="2"/>
            <column name="ANCHOR_TX" value="Anchor tx 6"/>
            <column name="INTERNAL_KEY" value="Anchor internal key 6"/>
            <column name="MERKLE_ROOT" value="MERKLE_ROOT_6"/>
            <column name="TAPSCRIPT_SIBLING" value="TAPSCRIPT_SIBLING_6"/>

            <column name="SCRIPT_VERSION" value="2"/>
            <column name="SCRIPT_KEY" value="Script key 6"/>
        </insert>

        <insert tableName="ASSET_GROUP">
            <column name="ID" value="1007"/>
            <column name="FK_USER_CREATOR" value="2"/>

            <column name="ASSET_GROUP_ID" value="RAW_GROUP_KEY_1007"/>
            <column name="RAW_GROUP_KEY" value="RAW_GROUP_KEY_1007"/>
            <column name="TWEAKED_GROUP_KEY" value="RAW_GROUP_KEY_1007"/>
            <column name="ASSET_WITNESS" value="RAW_GROUP_KEY_1007"/>
        </insert>
        <insert tableName="ASSET">
            <column name="ID" value="1007"/>
            <column name="FK_USER_CREATOR" value="2"/>
            <column name="FK_ASSET_GROUP" value="1007"/>

            <column name="ASSET_ID" value="asset_id_7"/>
            <column name="ASSET_ID_ALIAS" value="asset_id_7"/>
            <column name="FK_BITCOIN_TRANSACTION_OUTPUT_GENESIS_POINT" value="2"/>
            <column name="META_DATA_HASH" value="meta_data_7"/>
            <column name="NAME" value="TestPaginationCoin7"/>
            <column name="OUTPUT_INDEX" value="7"/>
            <column name="VERSION" value="0"/>

            <column name="ASSET_TYPE" value="NORMAL"/>
            <column name="AMOUNT" value="1007"/>
        </insert>
        <insert tableName="ASSET_STATE">
            <column name="ID" value="1007"/>
            <column name="FK_USER_CREATOR" value="2"/>
            <column name="FK_ASSET" value="1007"/>

            <column name="ASSET_STATE_ID" value="ASSET_STATE_ID_7"/>
            <column name="ANCHOR_BLOCK_HASH" value="Anchor block hash 7"/>
            <column name="FK_BITCOIN_TRANSACTION_OUTPUT_ANCHOR_OUTPOINT" value="2"/>
            <column name="ANCHOR_TX" value="Anchor tx 7"/>
            <column name="INTERNAL_KEY" value="Anchor internal key 7"/>
            <column name="MERKLE_ROOT" value="MERKLE_ROOT_7"/>
            <column name="TAPSCRIPT_SIBLING" value="TAPSCRIPT_SIBLING_7"/>

            <column name="SCRIPT_VERSION" value="2"/>
            <column name="SCRIPT_KEY" value="Script key 7"/>
        </insert>

        <insert tableName="ASSET_GROUP">
            <column name="ID" value="1008"/>
            <column name="FK_USER_CREATOR" value="2"/>

            <column name="ASSET_GROUP_ID" value="RAW_GROUP_KEY_1008"/>
            <column name="RAW_GROUP_KEY" value="RAW_GROUP_KEY_1008"/>
            <column name="TWEAKED_GROUP_KEY" value="RAW_GROUP_KEY_1008"/>
            <column name="ASSET_WITNESS" value="RAW_GROUP_KEY_1008"/>
        </insert>
        <insert tableName="ASSET">
            <column name="ID" value="1008"/>
            <column name="FK_USER_CREATOR" value="2"/>
            <column name="FK_ASSET_GROUP" value="1008"/>

            <column name="ASSET_ID" value="asset_id_8"/>
            <column name="ASSET_ID_ALIAS" value="asset_id_8"/>
            <column name="FK_BITCOIN_TRANSACTION_OUTPUT_GENESIS_POINT" value="2"/>
            <column name="META_DATA_HASH" value="meta_data_8"/>
            <column name="NAME" value="TestPaginationCoin8"/>
            <column name="OUTPUT_INDEX" value="8"/>
            <column name="VERSION" value="0"/>

            <column name="ASSET_TYPE" value="NORMAL"/>
            <column name="AMOUNT" value="1008"/>
        </insert>
        <insert tableName="ASSET_STATE">
            <column name="ID" value="1008"/>
            <column name="FK_USER_CREATOR" value="2"/>
            <column name="FK_ASSET" value="1008"/>

            <column name="ASSET_STATE_ID" value="ASSET_STATE_ID_8"/>
            <column name="ANCHOR_BLOCK_HASH" value="Anchor block hash 8"/>
            <column name="FK_BITCOIN_TRANSACTION_OUTPUT_ANCHOR_OUTPOINT" value="2"/>
            <column name="ANCHOR_TX" value="Anchor tx 8"/>
            <column name="INTERNAL_KEY" value="Anchor internal key 8"/>
            <column name="MERKLE_ROOT" value="MERKLE_ROOT_8"/>
            <column name="TAPSCRIPT_SIBLING" value="TAPSCRIPT_SIBLING_8"/>

            <column name="SCRIPT_VERSION" value="2"/>
            <column name="SCRIPT_KEY" value="Script key 8"/>
        </insert>

        <insert tableName="ASSET_GROUP">
            <column name="ID" value="1009"/>
            <column name="FK_USER_CREATOR" value="2"/>

            <column name="ASSET_GROUP_ID" value="RAW_GROUP_KEY_1009"/>
            <column name="RAW_GROUP_KEY" value="RAW_GROUP_KEY_1009"/>
            <column name="TWEAKED_GROUP_KEY" value="RAW_GROUP_KEY_1009"/>
            <column name="ASSET_WITNESS" value="RAW_GROUP_KEY_1009"/>
        </insert>
        <insert tableName="ASSET">
            <column name="ID" value="1009"/>
            <column name="FK_USER_CREATOR" value="2"/>
            <column name="FK_ASSET_GROUP" value="1009"/>

            <column name="ASSET_ID" value="asset_id_9"/>
            <column name="ASSET_ID_ALIAS" value="asset_id_9"/>
            <column name="FK_BITCOIN_TRANSACTION_OUTPUT_GENESIS_POINT" value="2"/>
            <column name="META_DATA_HASH" value="meta_data_9"/>
            <column name="NAME" value="TestPaginationCoin0"/>
            <column name="OUTPUT_INDEX" value="9"/>
            <column name="VERSION" value="0"/>

            <column name="ASSET_TYPE" value="NORMAL"/>
            <column name="AMOUNT" value="1009"/>
        </insert>
        <insert tableName="ASSET_STATE">
            <column name="ID" value="1009"/>
            <column name="FK_USER_CREATOR" value="2"/>
            <column name="FK_ASSET" value="1009"/>

            <column name="ASSET_STATE_ID" value="ASSET_STATE_ID_9"/>
            <column name="ANCHOR_BLOCK_HASH" value="Anchor block hash 9"/>
            <column name="FK_BITCOIN_TRANSACTION_OUTPUT_ANCHOR_OUTPOINT" value="2"/>
            <column name="ANCHOR_TX" value="Anchor tx 9"/>
            <column name="INTERNAL_KEY" value="Anchor internal key 9"/>
            <column name="MERKLE_ROOT" value="MERKLE_ROOT_9"/>
            <column name="TAPSCRIPT_SIBLING" value="TAPSCRIPT_SIBLING_9"/>

            <column name="SCRIPT_VERSION" value="2"/>
            <column name="SCRIPT_KEY" value="Script key 9"/>
        </insert>

    </changeSet>
</databaseChangeLog>