<?xml version="1.1" encoding="UTF-8" standalone="no"?>
<databaseChangeLog xmlns:xsi="http://www.w3.org/2001/XMLSchema-instance"
                   xmlns="http://www.liquibase.org/xml/ns/dbchangelog"
                   xsi:schemaLocation="http://www.liquibase.org/xml/ns/dbchangelog https://www.liquibase.org/xml/ns/dbchangelog/dbchangelog-4.4.xsd">
    <changeSet author="straumat" id="test-data-bitcoin_transaction_output">

        <!--
        Block 766 / Transaction 46804b8a193cae200c99531f0ea90d81cc0c0e44e718b57e7b9ab5bb3926b946 / Output 1
        curl -sSL "https://mempool.space/api/tx/46804b8a193cae200c99531f0ea90d81cc0c0e44e718b57e7b9ab5bb3926b946"
        -->
        <insert tableName="BITCOIN_TRANSACTION_OUTPUT">
            <column name="ID" value="3"/>
            <column name="BLOCK_HEIGHT" value="766"/>
            <column name="BLOCK_TIME" value="2022-09-14T12:42:19.0000"/>
            <column name="TXID" value="46804b8a193cae200c99531f0ea90d81cc0c0e44e718b57e7b9ab5bb3926b946"/>
            <column name="VOUT" value="1"/>
            <column name="SCRIPTPUBKEY" value="0020701a8d401c84fb13e6baf169d59684e17abd9fa216c8cc5b9fc63d622ff8c58d"/>
            <column name="SCRIPTPUBKEY_ASM"
                    value="OP_0 OP_PUSHBYTES_32 701a8d401c84fb13e6baf169d59684e17abd9fa216c8cc5b9fc63d622ff8c58d"/>
            <column name="SCRIPTPUBKEY_TYPE" value="v0_p2wsh"/>
            <column name="SCRIPTPUBKEY_ADDRESS" value="bc1qwqdg6squsna38e46795at95yu9atm8azzmyvckulcc7kytlcckxswvvzej"/>
            <column name="VALUE" value="47765975"/>
        </insert>

        <!--
            Transaction on testnet corresponding to asset nÂ°1
            curl -sSL "https://mempool.space/testnet/api/tx/d8a8016095b9fcd1f63c57342d375026ecbc72c885a54b676c6e62b216e15365"
        -->
        <insert tableName="BITCOIN_TRANSACTION_OUTPUT">
            <column name="ID" value="4"/>
            <column name="BLOCK_HEIGHT" value="2348688"/>
            <column name="BLOCK_TIME" value="2022-09-29T02:18:18.0000"/>
            <column name="TXID" value="d8a8016095b9fcd1f63c57342d375026ecbc72c885a54b676c6e62b216e15365"/>
            <column name="VOUT" value="1"/>
            <column name="SCRIPTPUBKEY" value="00147fafce6a7ea1541dc33f99ab673dc525ed3a27b3"/>
            <column name="SCRIPTPUBKEY_ASM" value="OP_0 OP_PUSHBYTES_20 7fafce6a7ea1541dc33f99ab673dc525ed3a27b3"/>
            <column name="SCRIPTPUBKEY_TYPE" value="V0_P2WPKH"/>
            <column name="SCRIPTPUBKEY_ADDRESS" value="tb1q07huu6n7592pmselnx4kw0w9yhkn5fan74dze9"/>
            <column name="VALUE" value="1699422"/>
        </insert>

    </changeSet>
</databaseChangeLog>